Log file open, 05/28/18 03:45:17
LogWindows: Failed to load 'aqProf.dll' (GetLastError=126)
LogWindows: File 'aqProf.dll' does not exist
LogWindows: Failed to load 'VtuneApi.dll' (GetLastError=126)
LogWindows: File 'VtuneApi.dll' does not exist
LogWindows: Failed to load 'VtuneApi32e.dll' (GetLastError=126)
LogWindows: File 'VtuneApi32e.dll' does not exist
LogInit: Display: Running engine for game: Jumpingtruck
LogPlatformFile: Not using cached read wrapper
LogInit: Display: RandInit(-1538102878) SRandInit(-1538102878).
LogInit: Read version file with build ID '3709383'
LogInit: Overriding engine version to CL 3832480, compatible CL 3709383
LogInit: Registered custom module enumerator with build ID '3709383'
LogTaskGraph: Started task graph with 5 named threads and 14 total threads with 3 sets of task threads.
LogStats: Stats thread started at 0.177009
LogD3D11RHI: Aftermath initialized
LogModuleManager: Display: Found up-to-date module file ../../../Engine/Plugins/Runtime/Nvidia/Ansel/Binaries/Win64/UE4Editor-Ansel.dll (API version 3709383).
LogModuleManager: Display: Found up-to-date module file ../../../Engine/Plugins/2D/Paper2D/Binaries/Win64/UE4Editor-Paper2D.dll (API version 3709383).
LogModuleManager: Display: Found up-to-date module file ../../../Engine/Plugins/2D/Paper2D/Binaries/Win64/UE4Editor-Paper2DEditor.dll (API version 3709383).
LogModuleManager: Display: Found up-to-date module file ../../../Engine/Plugins/2D/Paper2D/Binaries/Win64/UE4Editor-PaperSpriteSheetImporter.dll (API version 3709383).
LogModuleManager: Display: Found up-to-date module file ../../../Engine/Plugins/2D/Paper2D/Binaries/Win64/UE4Editor-PaperTiledImporter.dll (API version 3709383).
LogModuleManager: Display: Found up-to-date module file ../../../Engine/Plugins/2D/Paper2D/Binaries/Win64/UE4Editor-SmartSnapping.dll (API version 3709383).
LogModuleManager: Display: Found up-to-date module file ../../../Engine/Plugins/Blendables/LightPropagationVolume/Binaries/Win64/UE4Editor-LightPropagationVolumeRuntime.dll (API version 3709383).
LogModuleManager: Display: Found up-to-date module file ../../../Engine/Plugins/Blendables/LightPropagationVolume/Binaries/Win64/UE4Editor-LightPropagationVolumeEditor.dll (API version 3709383).
LogModuleManager: Display: Found up-to-date module file ../../../Engine/Plugins/Developer/GitSourceControl/Binaries/Win64/UE4Editor-GitSourceControl.dll (API version 3709383).
LogModuleManager: Display: Found up-to-date module file ../../../Engine/Plugins/Developer/PerforceSourceControl/Binaries/Win64/UE4Editor-PerforceSourceControl.dll (API version 3709383).
LogModuleManager: Display: Found up-to-date module file ../../../Engine/Plugins/Developer/SubversionSourceControl/Binaries/Win64/UE4Editor-SubversionSourceControl.dll (API version 3709383).
LogModuleManager: Display: Found up-to-date module file ../../../Engine/Plugins/Developer/UObjectPlugin/Binaries/Win64/UE4Editor-UObjectPlugin.dll (API version 3709383).
LogModuleManager: Display: Found up-to-date module file ../../../Engine/Plugins/Developer/VisualStudioCodeSourceCodeAccess/Binaries/Win64/UE4Editor-VisualStudioCodeSourceCodeAccess.dll (API version 3709383).
LogModuleManager: Display: Found up-to-date module file ../../../Engine/Plugins/Developer/VisualStudioSourceCodeAccess/Binaries/Win64/UE4Editor-VisualStudioSourceCodeAccess.dll (API version 3709383).
LogModuleManager: Display: Found up-to-date module file ../../../Engine/Plugins/Editor/AssetManagerEditor/Binaries/Win64/UE4Editor-AssetManagerEditor.dll (API version 3709383).
LogModuleManager: Display: Found up-to-date module file ../../../Engine/Plugins/Editor/AudioCapture/Binaries/Win64/UE4Editor-AudioCapture.dll (API version 3709383).
LogModuleManager: Display: Found up-to-date module file ../../../Engine/Plugins/Editor/FacialAnimation/Binaries/Win64/UE4Editor-FacialAnimation.dll (API version 3709383).
LogModuleManager: Display: Found up-to-date module file ../../../Engine/Plugins/Editor/FacialAnimation/Binaries/Win64/UE4Editor-FacialAnimationEditor.dll (API version 3709383).
LogModuleManager: Display: Found up-to-date module file ../../../Engine/Plugins/Editor/GameplayTagsEditor/Binaries/Win64/UE4Editor-GameplayTagsEditor.dll (API version 3709383).
LogModuleManager: Display: Found up-to-date module file ../../../Engine/Plugins/Editor/MobileLauncherProfileWizard/Binaries/Win64/UE4Editor-MobileLauncherProfileWizard.dll (API version 3709383).
LogModuleManager: Display: Found up-to-date module file ../../../Engine/Plugins/Editor/PluginBrowser/Binaries/Win64/UE4Editor-PluginBrowser.dll (API version 3709383).
LogModuleManager: Display: Found up-to-date module file ../../../Engine/Plugins/Editor/SpeedTreeImporter/Binaries/Win64/UE4Editor-SpeedTreeImporter.dll (API version 3709383).
LogModuleManager: Display: Found up-to-date module file ../../../Engine/Plugins/Experimental/AlembicImporter/Binaries/Win64/UE4Editor-AlembicImporter.dll (API version 3709383).
LogModuleManager: Display: Found up-to-date module file ../../../Engine/Plugins/Experimental/AlembicImporter/Binaries/Win64/UE4Editor-AlembicLibrary.dll (API version 3709383).
LogModuleManager: Display: Found up-to-date module file ../../../Engine/Plugins/Experimental/CharacterAI/Binaries/Win64/UE4Editor-CharacterAI.dll (API version 3709383).
LogModuleManager: Display: Found up-to-date module file ../../../Engine/Plugins/Experimental/HTML5Networking/Binaries/Win64/UE4Editor-HTML5Networking.dll (API version 3709383).
LogModuleManager: Display: Found up-to-date module file ../../../Engine/Plugins/Media/AndroidMedia/Binaries/Win64/UE4Editor-AndroidMediaEditor.dll (API version 3709383).
LogModuleManager: Display: Found up-to-date module file ../../../Engine/Plugins/Media/AndroidMedia/Binaries/Win64/UE4Editor-AndroidMediaFactory.dll (API version 3709383).
LogModuleManager: Display: Found up-to-date module file ../../../Engine/Plugins/Media/AvfMedia/Binaries/Win64/UE4Editor-AvfMediaEditor.dll (API version 3709383).
LogModuleManager: Display: Found up-to-date module file ../../../Engine/Plugins/Media/AvfMedia/Binaries/Win64/UE4Editor-AvfMediaFactory.dll (API version 3709383).
LogModuleManager: Display: Found up-to-date module file ../../../Engine/Plugins/Media/AvfMedia/Binaries/Win64/UE4Editor-AvfMediaFactory.dll (API version 3709383).
LogModuleManager: Display: Found up-to-date module file ../../../Engine/Plugins/Media/ImgMedia/Binaries/Win64/UE4Editor-ImgMedia.dll (API version 3709383).
LogModuleManager: Display: Found up-to-date module file ../../../Engine/Plugins/Media/ImgMedia/Binaries/Win64/UE4Editor-ImgMediaEditor.dll (API version 3709383).
LogModuleManager: Display: Found up-to-date module file ../../../Engine/Plugins/Media/ImgMedia/Binaries/Win64/UE4Editor-ImgMediaFactory.dll (API version 3709383).
LogModuleManager: Display: Found up-to-date module file ../../../Engine/Plugins/Media/ImgMedia/Binaries/Win64/UE4Editor-ImgMediaFactory.dll (API version 3709383).
LogModuleManager: Display: Found up-to-date module file ../../../Engine/Plugins/Media/ImgMedia/Binaries/Win64/UE4Editor-OpenExrWrapper.dll (API version 3709383).
LogModuleManager: Display: Found up-to-date module file ../../../Engine/Plugins/Media/MediaCompositing/Binaries/Win64/UE4Editor-MediaCompositing.dll (API version 3709383).
LogModuleManager: Display: Found up-to-date module file ../../../Engine/Plugins/Media/MediaCompositing/Binaries/Win64/UE4Editor-MediaCompositingEditor.dll (API version 3709383).
LogModuleManager: Display: Found up-to-date module file ../../../Engine/Plugins/Media/MediaPlayerEditor/Binaries/Win64/UE4Editor-MediaPlayerEditor.dll (API version 3709383).
LogModuleManager: Display: Found up-to-date module file ../../../Engine/Plugins/Media/WmfMedia/Binaries/Win64/UE4Editor-WmfMedia.dll (API version 3709383).
LogModuleManager: Display: Found up-to-date module file ../../../Engine/Plugins/Media/WmfMedia/Binaries/Win64/UE4Editor-WmfMediaEditor.dll (API version 3709383).
LogModuleManager: Display: Found up-to-date module file ../../../Engine/Plugins/Media/WmfMedia/Binaries/Win64/UE4Editor-WmfMediaFactory.dll (API version 3709383).
LogModuleManager: Display: Found up-to-date module file ../../../Engine/Plugins/Media/WmfMedia/Binaries/Win64/UE4Editor-WmfMediaFactory.dll (API version 3709383).
LogModuleManager: Display: Found up-to-date module file ../../../Engine/Plugins/Messaging/TcpMessaging/Binaries/Win64/UE4Editor-TcpMessaging.dll (API version 3709383).
LogModuleManager: Display: Found up-to-date module file ../../../Engine/Plugins/Messaging/UdpMessaging/Binaries/Win64/UE4Editor-UdpMessaging.dll (API version 3709383).
LogModuleManager: Display: Found up-to-date module file ../../../Engine/Plugins/MovieScene/ActorSequence/Binaries/Win64/UE4Editor-ActorSequence.dll (API version 3709383).
LogModuleManager: Display: Found up-to-date module file ../../../Engine/Plugins/MovieScene/LevelSequenceEditor/Binaries/Win64/UE4Editor-LevelSequenceEditor.dll (API version 3709383).
LogModuleManager: Display: Found up-to-date module file ../../../Engine/Plugins/MovieScene/MatineeToLevelSequence/Binaries/Win64/UE4Editor-MatineeToLevelSequence.dll (API version 3709383).
LogModuleManager: Display: Found up-to-date module file ../../../Engine/Plugins/Online/OnlineSubsystem/Binaries/Win64/UE4Editor-OnlineSubsystem.dll (API version 3709383).
LogModuleManager: Display: Found up-to-date module file ../../../Engine/Plugins/Runtime/AndroidPermission/Binaries/Win64/UE4Editor-AndroidPermission.dll (API version 3709383).
LogModuleManager: Display: Found up-to-date module file ../../../Engine/Plugins/Online/OnlineSubsystemNull/Binaries/Win64/UE4Editor-OnlineSubsystemNull.dll (API version 3709383).
LogModuleManager: Display: Found up-to-date module file ../../../Engine/Plugins/Online/OnlineSubsystemUtils/Binaries/Win64/UE4Editor-OnlineSubsystemUtils.dll (API version 3709383).
LogModuleManager: Display: Found up-to-date module file ../../../Engine/Plugins/Online/OnlineSubsystemUtils/Binaries/Win64/UE4Editor-OnlineBlueprintSupport.dll (API version 3709383).
LogModuleManager: Display: Found up-to-date module file ../../../Engine/Plugins/Runtime/AndroidDeviceProfileSelector/Binaries/Win64/UE4Editor-AndroidDeviceProfileSelector.dll (API version 3709383).
LogModuleManager: Display: Found up-to-date module file ../../../Engine/Plugins/Runtime/AppleARKit/Binaries/Win64/UE4Editor-AppleARKit.dll (API version 3709383).
LogModuleManager: Display: Found up-to-date module file ../../../Engine/Plugins/Runtime/ArchVisCharacter/Binaries/Win64/UE4Editor-ArchVisCharacter.dll (API version 3709383).
LogModuleManager: Display: Found up-to-date module file ../../../Engine/Plugins/Runtime/CableComponent/Binaries/Win64/UE4Editor-CableComponent.dll (API version 3709383).
LogModuleManager: Display: Found up-to-date module file ../../../Engine/Plugins/Runtime/CustomMeshComponent/Binaries/Win64/UE4Editor-CustomMeshComponent.dll (API version 3709383).
LogModuleManager: Display: Found up-to-date module file ../../../Engine/Plugins/Runtime/ExampleDeviceProfileSelector/Binaries/Win64/UE4Editor-ExampleDeviceProfileSelector.dll (API version 3709383).
LogModuleManager: Display: Found up-to-date module file ../../../Engine/Plugins/Runtime/ImmediatePhysics/Binaries/Win64/UE4Editor-ImmediatePhysics.dll (API version 3709383).
LogModuleManager: Display: Found up-to-date module file ../../../Engine/Plugins/Runtime/ImmediatePhysics/Binaries/Win64/UE4Editor-ImmediatePhysicsEditor.dll (API version 3709383).
LogModuleManager: Display: Found up-to-date module file ../../../Engine/Plugins/Runtime/LocationServicesBPLibrary/Binaries/Win64/UE4Editor-LocationServicesBPLibrary.dll (API version 3709383).
LogModuleManager: Display: Found up-to-date module file ../../../Engine/Plugins/Runtime/MobilePatchingUtils/Binaries/Win64/UE4Editor-MobilePatchingUtils.dll (API version 3709383).
LogModuleManager: Display: Found up-to-date module file ../../../Engine/Plugins/Runtime/PhysXVehicles/Binaries/Win64/UE4Editor-PhysXVehicles.dll (API version 3709383).
LogModuleManager: Display: Found up-to-date module file ../../../Engine/Plugins/Runtime/PhysXVehicles/Binaries/Win64/UE4Editor-PhysXVehiclesEditor.dll (API version 3709383).
LogModuleManager: Display: Found up-to-date module file ../../../Engine/Plugins/Runtime/ProceduralMeshComponent/Binaries/Win64/UE4Editor-ProceduralMeshComponent.dll (API version 3709383).
LogModuleManager: Display: Found up-to-date module file ../../../Engine/Plugins/Runtime/ProceduralMeshComponent/Binaries/Win64/UE4Editor-ProceduralMeshComponentEditor.dll (API version 3709383).
LogModuleManager: Display: Found up-to-date module file ../../../Engine/Plugins/Runtime/RuntimePhysXCooking/Binaries/Win64/UE4Editor-RuntimePhysXCooking.dll (API version 3709383).
LogModuleManager: Display: Found up-to-date module file ../../../Engine/Plugins/Runtime/WindowsMoviePlayer/Binaries/Win64/UE4Editor-WindowsMoviePlayer.dll (API version 3709383).
LogPluginManager: Mounting plugin Paper2D
LogPluginManager: Mounting plugin LightPropagationVolume
LogPluginManager: Mounting plugin CodeLiteSourceCodeAccess
LogPluginManager: Mounting plugin GitSourceControl
LogPluginManager: Mounting plugin KDevelopSourceCodeAccess
LogPluginManager: Mounting plugin NullSourceCodeAccess
LogPluginManager: Mounting plugin PerforceSourceControl
LogPluginManager: Mounting plugin SubversionSourceControl
LogPluginManager: Mounting plugin UObjectPlugin
LogPluginManager: Mounting plugin VisualStudioCodeSourceCodeAccess
LogPluginManager: Mounting plugin VisualStudioSourceCodeAccess
LogPluginManager: Mounting plugin XCodeSourceCodeAccess
LogPluginManager: Mounting plugin AssetManagerEditor
LogPluginManager: Mounting plugin AudioCapture
LogPluginManager: Mounting plugin FacialAnimation
LogPluginManager: Mounting plugin GameplayTagsEditor
LogPluginManager: Mounting plugin MobileLauncherProfileWizard
LogPluginManager: Mounting plugin PluginBrowser
LogPluginManager: Mounting plugin SpeedTreeImporter
LogPluginManager: Mounting plugin AlembicImporter
LogPluginManager: Mounting plugin CharacterAI
LogPluginManager: Mounting plugin HTML5Networking
LogPluginManager: Mounting plugin AndroidMedia
LogPluginManager: Mounting plugin AvfMedia
LogPluginManager: Mounting plugin ImgMedia
LogPluginManager: Mounting plugin MediaCompositing
LogPluginManager: Mounting plugin MediaPlayerEditor
LogPluginManager: Mounting plugin WmfMedia
LogPluginManager: Mounting plugin TcpMessaging
LogPluginManager: Mounting plugin UdpMessaging
LogPluginManager: Mounting plugin ActorSequence
LogPluginManager: Mounting plugin LevelSequenceEditor
LogPluginManager: Mounting plugin MatineeToLevelSequence
LogPluginManager: Mounting plugin OnlineSubsystemGooglePlay
LogPluginManager: Mounting plugin OnlineSubsystemIOS
LogPluginManager: Mounting plugin OnlineSubsystem
LogPluginManager: Mounting plugin OnlineSubsystemNull
LogPluginManager: Mounting plugin OnlineSubsystemUtils
LogPluginManager: Mounting plugin AndroidDeviceProfileSelector
LogPluginManager: Mounting plugin AndroidMoviePlayer
LogPluginManager: Mounting plugin AndroidPermission
LogPluginManager: Mounting plugin AppleARKit
LogPluginManager: Mounting plugin AppleMoviePlayer
LogPluginManager: Mounting plugin ArchVisCharacter
LogPluginManager: Mounting plugin CableComponent
LogPluginManager: Mounting plugin CustomMeshComponent
LogPluginManager: Mounting plugin ExampleDeviceProfileSelector
LogPluginManager: Mounting plugin GoogleCloudMessaging
LogPluginManager: Mounting plugin ImmediatePhysics
LogPluginManager: Mounting plugin IOSDeviceProfileSelector
LogPluginManager: Mounting plugin LinuxDeviceProfileSelector
LogPluginManager: Mounting plugin LocationServicesBPLibrary
LogPluginManager: Mounting plugin MobilePatchingUtils
LogPluginManager: Mounting plugin Ansel
LogPluginManager: Mounting plugin PhysXVehicles
LogPluginManager: Mounting plugin ProceduralMeshComponent
LogPluginManager: Mounting plugin RuntimePhysXCooking
LogPluginManager: Mounting plugin WindowsMoviePlayer
LogInit: Using libcurl 7.47.1
LogInit:  - built for x86_64-pc-win32
LogInit:  - supports SSL with OpenSSL/1.0.2g
LogInit:  - supports HTTP deflate (compression) using libz 1.2.8
LogInit:  - other features:
LogInit:      CURL_VERSION_SSL
LogInit:      CURL_VERSION_LIBZ
LogInit:      CURL_VERSION_IPV6
LogInit:      CURL_VERSION_ASYNCHDNS
LogInit:      CURL_VERSION_LARGEFILE
LogInit:      CURL_VERSION_IDN
LogInit:  CurlRequestOptions (configurable via config and command line):
LogInit:  - bVerifyPeer = false  - Libcurl will NOT verify peer certificate
LogInit:  - bUseHttpProxy = false  - Libcurl will NOT use HTTP proxy
LogInit:  - bDontReuseConnections = false  - Libcurl will reuse connections
LogInit:  - CertBundlePath = nullptr  - Libcurl will use whatever was configured at build time.
LogInit: Build: ++UE4+Release-4.18-CL-3832480
LogInit: Engine Version: 4.18.3-3832480+++UE4+Release-4.18
LogInit: Compatible Engine Version: 4.18.0-3709383+++UE4+Release-4.18
LogInit: Net CL: 3709383
LogDevObjectVersion: Number of dev versions registered: 16
LogDevObjectVersion:   Dev-Blueprints (B0D832E4-1F89-4F0D-ACCF-7EB736FD4AA2): 10
LogDevObjectVersion:   Dev-Build (E1C64328-A22C-4D53-A36C-8E866417BD8C): 0
LogDevObjectVersion:   Dev-Core (375EC13C-06E4-48FB-B500-84F0262A717E): 2
LogDevObjectVersion:   Dev-Editor (E4B068ED-F494-42E9-A231-DA0B2E46BB41): 20
LogDevObjectVersion:   Dev-Framework (CFFC743F-43B0-4480-9391-14DF171D2073): 30
LogDevObjectVersion:   Dev-Mobile (B02B49B5-BB20-44E9-A304-32B752E40360): 0
LogDevObjectVersion:   Dev-Networking (A4E4105C-59A1-49B5-A7C5-40C4547EDFEE): 0
LogDevObjectVersion:   Dev-Online (39C831C9-5AE6-47DC-9A44-9C173E1C8E7C): 0
LogDevObjectVersion:   Dev-Physics (78F01B33-EBEA-4F98-B9B4-84EACCB95AA2): 0
LogDevObjectVersion:   Dev-Platform (6631380F-2D4D-43E0-8009-CF276956A95A): 0
LogDevObjectVersion:   Dev-Rendering (12F88B9F-8875-4AFC-A67C-D90C383ABD29): 20
LogDevObjectVersion:   Dev-Sequencer (7B5AE74C-D270-4C10-A958-57980B212A5A): 4
LogDevObjectVersion:   Dev-VR (D7296918-1DD6-4BDD-9DE2-64A83CC13884): 0
LogDevObjectVersion:   Dev-LoadTimes (C2A15278-BFE7-4AFE-6C17-90FF531DF755): 1
LogDevObjectVersion:   Private-Geometry (6EACA3D4-40EC-4CC1-B786-8BED09428FC5): 1
LogDevObjectVersion:   Dev-AnimPhys (29E575DD-E0A3-4627-9D10-D276232CDCEA): 12
LogInit: Compiled (64-bit): Jan 12 2018 02:04:55
LogInit: Compiled with Visual C++: 19.00.24215.01
LogInit: Build Configuration: Development
LogInit: Branch Name: ++UE4+Release-4.18
LogInit: Command line: -EpicPortal 
LogInit: Base directory: C:/Program Files/Epic Games/UE_4.18/Engine/Binaries/Win64/
LogInit: Installed Engine Build: 1
LogInit: Presizing for max 8388607 objects, including 0 objects not considered by GC, pre-allocating 0 bytes for permanent pool.
LogInit: Object subsystem initialized
[2018.05.28-10.45.20:165][  0]LogInit: Selected Device Profile: [Windows]
[2018.05.28-10.45.20:166][  0]LogInit: Applying CVar settings loaded from the selected device profile: [Windows]
[2018.05.28-10.45.20:451][  0]LogInit: Computer: DESKTOP-KAES2OF
[2018.05.28-10.45.20:451][  0]LogInit: User: gamer
[2018.05.28-10.45.20:451][  0]LogInit: CPU Page size=4096, Cores=4
[2018.05.28-10.45.20:451][  0]LogInit: High frequency timer resolution =3.515627 MHz
[2018.05.28-10.45.20:451][  0]LogMemory: Memory total: Physical=11.9GB (12GB approx)
[2018.05.28-10.45.20:451][  0]LogMemory: Platform Memory Stats for Windows
[2018.05.28-10.45.20:451][  0]LogMemory: Process Physical Memory: 272.64 MB used, 272.65 MB peak
[2018.05.28-10.45.20:451][  0]LogMemory: Process Virtual Memory: 269.84 MB used, 269.84 MB peak
[2018.05.28-10.45.20:451][  0]LogMemory: Physical Memory: 7738.84 MB used,  4428.00 MB free, 12166.84 MB total
[2018.05.28-10.45.20:451][  0]LogMemory: Virtual Memory: 4777.89 MB used,  4428.00 MB free, 134217728.00 MB total
[2018.05.28-10.45.20:636][  0]LogInit: Using OS detected language (en-US).
[2018.05.28-10.45.20:636][  0]LogInit: Using OS detected locale (en-US).
[2018.05.28-10.45.20:780][  0]LogTextLocalizationManager: No specific localization for 'en-US' exists, so the 'en' localization will be used.
[2018.05.28-10.45.21:207][  0]LogInit: Setting process to per monitor DPI aware
[2018.05.28-10.45.26:537][  0]LogD3D11RHI: D3D11 adapters:
[2018.05.28-10.45.26:587][  0]LogD3D11RHI:    0. 'NVIDIA GeForce GTX 1060 6GB' (Feature Level 11_0)
[2018.05.28-10.45.26:587][  0]LogD3D11RHI:       6052/0/6083 MB DedicatedVideo/DedicatedSystem/SharedSystem, Outputs:1, VendorId:0x10de
[2018.05.28-10.45.26:595][  0]LogD3D11RHI:    1. 'Intel(R) HD Graphics 630' (Feature Level 11_0)
[2018.05.28-10.45.26:595][  0]LogD3D11RHI:       128/0/6083 MB DedicatedVideo/DedicatedSystem/SharedSystem, Outputs:0, VendorId:0x8086
[2018.05.28-10.45.26:597][  0]LogD3D11RHI:    2. 'Microsoft Basic Render Driver' (Feature Level 11_0)
[2018.05.28-10.45.26:597][  0]LogD3D11RHI:       0/0/6083 MB DedicatedVideo/DedicatedSystem/SharedSystem, Outputs:0, VendorId:0x1414
[2018.05.28-10.45.26:597][  0]LogD3D11RHI: Chosen D3D11 Adapter: 0
[2018.05.28-10.45.26:606][  0]LogD3D11RHI: Creating new Direct3DDevice
[2018.05.28-10.45.26:606][  0]LogD3D11RHI:     GPU DeviceId: 0x1c03 (for the marketing name, search the web for "GPU Device Id")
[2018.05.28-10.45.26:606][  0]LogWindows: EnumDisplayDevices:
[2018.05.28-10.45.26:606][  0]LogWindows:    0. 'NVIDIA GeForce GTX 1060 6GB' (P:1 D:1)
[2018.05.28-10.45.26:606][  0]LogWindows:    1. 'NVIDIA GeForce GTX 1060 6GB' (P:0 D:0)
[2018.05.28-10.45.26:607][  0]LogWindows:    2. 'NVIDIA GeForce GTX 1060 6GB' (P:0 D:0)
[2018.05.28-10.45.26:607][  0]LogWindows:    3. 'NVIDIA GeForce GTX 1060 6GB' (P:0 D:0)
[2018.05.28-10.45.26:607][  0]LogWindows:    4. 'Intel(R) HD Graphics 630' (P:0 D:0)
[2018.05.28-10.45.26:607][  0]LogWindows:    5. 'Intel(R) HD Graphics 630' (P:0 D:0)
[2018.05.28-10.45.26:607][  0]LogWindows:    6. 'Intel(R) HD Graphics 630' (P:0 D:0)
[2018.05.28-10.45.26:607][  0]LogWindows: DebugString: GetVideoDriverDetailsInvalid PrimaryIsNotTheChoosenAdapter GetVideoDriverDetailsInvalid PrimaryIsNotTheChoosenAdapter GetVideoDriverDetailsInvalid PrimaryIsNotTheChoosenAdapter GetVideoDriverDetailsInvalid PrimaryIsNotTheChoosenAdapter GetVideoDriverDetailsInvalid PrimaryIsNotTheChoosenAdapter GetVideoDriverDetailsInvalid PrimaryIsNotTheChoosenAdapter GetVideoDriverDetailsInvalid PrimaryIsNotTheChoosenAdapter FoundDriverCount:0 
[2018.05.28-10.45.26:607][  0]LogD3D11RHI:     Adapter Name: NVIDIA GeForce GTX 1060 6GB
[2018.05.28-10.45.26:608][  0]LogD3D11RHI:   Driver Version: Unknown (internal:Unknown, unified:Unknown)
[2018.05.28-10.45.26:608][  0]LogD3D11RHI:      Driver Date: Unknown
[2018.05.28-10.45.26:608][  0]LogRHI: Texture pool is 4236 MB (70% of 6052 MB)
[2018.05.28-10.45.26:641][  0]LogD3D11RHI: Async texture creation enabled
[2018.05.28-10.45.26:661][  0]LogD3D11RHI: GPU Timing Frequency: 1000.000000 (Debug: 2 2)
[2018.05.28-10.45.26:703][  0]LogShaderCompilers: Guid format shader working directory is -43 characters bigger than the processId version (../../../../../../Users/gamer/Documents/Unreal Projects/Jumpingtruck_github/Jumpingtruck/Intermediate/Shaders/WorkingDirectory/21108/).
[2018.05.28-10.45.26:703][  0]LogShaderCompilers: Cleaned the shader compiler working directory 'C:/Users/gamer/AppData/Local/Temp/UnrealShaderWorkingDir/DAFBE0254D84A5AC7404F7B8C1B7DACE/'.
[2018.05.28-10.45.26:703][  0]LogShaderCompilers: Display: Using Local Shader Compiler.
[2018.05.28-10.45.30:382][  0]LogTemp: Display: Loaded TP AllDesktopTargetPlatform
[2018.05.28-10.45.30:438][  0]LogTemp: Display: Loaded TP MacClientTargetPlatform
[2018.05.28-10.45.30:493][  0]LogTemp: Display: Loaded TP MacNoEditorTargetPlatform
[2018.05.28-10.45.30:562][  0]LogTemp: Display: Loaded TP MacServerTargetPlatform
[2018.05.28-10.45.30:640][  0]LogTemp: Display: Loaded TP MacTargetPlatform
[2018.05.28-10.45.30:695][  0]LogTemp: Display: Loaded TP WindowsClientTargetPlatform
[2018.05.28-10.45.30:751][  0]LogTemp: Display: Loaded TP WindowsNoEditorTargetPlatform
[2018.05.28-10.45.30:806][  0]LogTemp: Display: Loaded TP WindowsServerTargetPlatform
[2018.05.28-10.45.30:860][  0]LogTemp: Display: Loaded TP WindowsTargetPlatform
[2018.05.28-10.45.30:919][  0]LogTemp: Display: Loaded TP Android_ASTCTargetPlatform
[2018.05.28-10.45.30:974][  0]LogTemp: Display: Loaded TP Android_ATCTargetPlatform
[2018.05.28-10.45.31:032][  0]LogTemp: Display: Loaded TP Android_DXTTargetPlatform
[2018.05.28-10.45.31:088][  0]LogTemp: Display: Loaded TP Android_ETC1TargetPlatform
[2018.05.28-10.45.31:143][  0]LogTemp: Display: Loaded TP Android_ETC2TargetPlatform
[2018.05.28-10.45.31:261][  0]LogTemp: Display: Loaded TP Android_MultiTargetPlatform
[2018.05.28-10.45.31:261][  0]LogTemp: Display: Loaded TP Android_PVRTCTargetPlatform
[2018.05.28-10.45.31:334][  0]LogTemp: Display: Loaded TP AndroidTargetPlatform
[2018.05.28-10.45.31:377][  0]LogTemp: Display: Loaded TP HTML5TargetPlatform
[2018.05.28-10.45.31:512][  0]LogTemp: Display: Loaded TP IOSTargetPlatform
[2018.05.28-10.45.31:545][  0]LogTemp: Display: Loaded TP TVOSTargetPlatform
[2018.05.28-10.45.31:601][  0]LogTemp: Display: Loaded TP LinuxClientTargetPlatform
[2018.05.28-10.45.31:655][  0]LogTemp: Display: Loaded TP LinuxNoEditorTargetPlatform
[2018.05.28-10.45.31:710][  0]LogTemp: Display: Loaded TP LinuxServerTargetPlatform
[2018.05.28-10.45.31:783][  0]LogTemp: Display: Loaded TP LinuxTargetPlatform
[2018.05.28-10.45.31:783][  0]LogTargetPlatformManager: Display: Building Assets For Windows
[2018.05.28-10.45.32:337][  0]LogDerivedDataCache: Display: Max Cache Size: 512 MB
[2018.05.28-10.45.32:605][  0]LogDerivedDataCache: Loaded boot cache 0.27s 80MB C:/Users/gamer/AppData/Local/UnrealEngine/4.18/DerivedDataCache/Boot.ddc.
[2018.05.28-10.45.32:605][  0]LogDerivedDataCache: Display: Loaded Boot cache: C:/Users/gamer/AppData/Local/UnrealEngine/4.18/DerivedDataCache/Boot.ddc
[2018.05.28-10.45.32:605][  0]LogDerivedDataCache: FDerivedDataBackendGraph:  Pak pak cache file ../../../../../../Users/gamer/Documents/Unreal Projects/Jumpingtruck_github/Jumpingtruck/DerivedDataCache/DDC.ddp not found, will not use a pak cache.
[2018.05.28-10.45.32:605][  0]LogDerivedDataCache: Unable to find inner node Pak for hierarchical cache Hierarchy.
[2018.05.28-10.45.32:605][  0]LogDerivedDataCache: FDerivedDataBackendGraph:  CompressedPak pak cache file ../../../../../../Users/gamer/Documents/Unreal Projects/Jumpingtruck_github/Jumpingtruck/DerivedDataCache/Compressed.ddp not found, will not use a pak cache.
[2018.05.28-10.45.32:605][  0]LogDerivedDataCache: Unable to find inner node CompressedPak for hierarchical cache Hierarchy.
[2018.05.28-10.45.32:621][  0]LogDerivedDataCache: Display: Pak cache opened for reading ../../../Engine/DerivedDataCache/Compressed.ddp.
[2018.05.28-10.45.32:634][  0]LogDerivedDataCache: Using Local data cache path C:/Users/gamer/AppData/Local/UnrealEngine/Common/DerivedDataCache: Writable
[2018.05.28-10.45.32:644][  0]LogMaterial: Verifying Global Shaders for PCD3D_SM5
[2018.05.28-10.45.32:644][  0]LogSlate: Using Freetype 2.6.0
[2018.05.28-10.45.32:669][  0]LogSlate: SlateFontCache - WITH_FREETYPE: 1, WITH_HARFBUZZ: 1
[2018.05.28-10.45.32:669][  0]LogSlate: SlateFontCache - WITH_FREETYPE: 1, WITH_HARFBUZZ: 1
[2018.05.28-10.45.35:284][  0]LogInit: Selected Device Profile: [Windows]
[2018.05.28-10.45.35:717][  0]LogSimplygon: Simplygon DLL not present - disabling.
[2018.05.28-10.45.35:764][  0]LogMeshReduction: Using SimplygonSwarm for distributed automatic mesh merging
[2018.05.28-10.45.35:764][  0]LogMeshReduction: Using QuadricMeshReduction for automatic static mesh reduction
[2018.05.28-10.45.35:764][  0]LogMeshReduction: No automatic skeletal mesh reduction module available
[2018.05.28-10.45.35:764][  0]LogMeshReduction: No automatic mesh merging module available
[2018.05.28-10.45.35:764][  0]LogMeshMerging: No automatic mesh merging module available
[2018.05.28-10.45.35:792][  0]LogNetVersion: Jumpingtruck , NetCL: 3709383, EngineNetVer: 2, GameNetVer: 0 (Checksum: 1102739741)
[2018.05.28-10.45.35:983][  0]LogAssetRegistry: FAssetRegistry took 0.0274 seconds to start up
[2018.05.28-10.45.36:584][  0]LogPackageLocalizationCache: Processed 5 localized package path(s) for 2 prioritized culture(s) in 0.089840 seconds
[2018.05.28-10.45.36:591][  0]LogUObjectArray: 35459 objects as part of root set at end of initial load.
[2018.05.28-10.45.36:591][  0]LogUObjectAllocator: 7283808 out of 0 bytes used by permanent object pool.
[2018.05.28-10.45.36:591][  0]LogUObjectArray: CloseDisregardForGC: 0/0 objects in disregard for GC pool
[2018.05.28-10.45.36:650][  0]LogInit: WinSock: version 1.1 (2.2), MaxSocks=32767, MaxUdp=65467
[2018.05.28-10.46.02:800][  0]LogTcpMessaging: Initializing TcpMessaging bridge
[2018.05.28-10.46.02:844][  0]LogUdpMessaging: Initializing bridge on interface 0.0.0.0:0 to multicast group 230.0.0.1:6666.
[2018.05.28-10.46.03:562][  0]LogMaterial: Uniform references updated for custom material expression Custom.
[2018.05.28-10.46.04:060][  0]SourceControl: Source control is disabled
[2018.05.28-10.46.04:060][  0]SourceControl: Source control is disabled
[2018.05.28-10.46.04:118][  0]SourceControl: Source control is disabled
[2018.05.28-10.46.04:179][  0]SourceControl: Source control is disabled
[2018.05.28-10.46.05:342][  0]LogAndroidPermission: UAndroidPermissionCallbackProxy::GetInstance
[2018.05.28-10.46.05:643][  0]LogAnsel: Tried to load ../../../Engine/Plugins/Runtime/Nvidia/Ansel/Binaries/ThirdParty/AnselSDK64.dll : success=1
[2018.05.28-10.46.06:001][  0]LogEngine: Initializing Engine...
[2018.05.28-10.46.06:196][  0]LogStats: UGameplayTagsManager::ConstructGameplayTagTree: Construct from data asset -  0.000 s
[2018.05.28-10.46.06:196][  0]LogStats: UGameplayTagsManager::ConstructGameplayTagTree: GameplayTagTreeChangedEvent.Broadcast -  0.000 s
[2018.05.28-10.46.06:350][  0]LogAIModule: Creating AISystem for world Untitled
[2018.05.28-10.46.06:368][  0]LogInit: XAudio2 using 'ASUS MG28U (NVIDIA High Definition Audio)' : 2 channels at 48 kHz using 16 bits per sample (channel mask 0x3)
[2018.05.28-10.46.06:396][  0]LogInit: FAudioDevice initialized.
[2018.05.28-10.46.06:525][  0]LogDerivedDataCache: Saved boot cache 0.13s 80MB C:/Users/gamer/AppData/Local/UnrealEngine/4.18/DerivedDataCache/Boot.ddc.
[2018.05.28-10.46.06:542][  0]LogInit: Texture streaming: Enabled
[2018.05.28-10.46.06:653][  0]LogEngineSessionManager: EngineSessionManager initialized
[2018.05.28-10.46.06:805][  0]LogInit: Transaction tracking system initialized
[2018.05.28-10.46.07:166][  0]BlueprintLog: New page: Editor Load
[2018.05.28-10.46.08:168][  0]LocalizationService: Localization service is disabled
[2018.05.28-10.46.09:076][  0]LogConsoleResponse: Display: 
[2018.05.28-10.46.09:531][  0]LogCook: Display: Max memory allowance for cook 16384mb min free memory 0mb
[2018.05.28-10.46.09:531][  0]LogCook: Display: Mobile HDR setting 1
[2018.05.28-10.46.09:531][  0]LogGameplayTags: Display: UGameplayTagsManager::DoneAddingNativeTags. DelegateIsBound: 0
[2018.05.28-10.46.10:367][  0]LogFileCache: Scanning file cache for directory 'C:/Users/gamer/Documents/Unreal Projects/Jumpingtruck_github/Jumpingtruck/Content/' took 0.02s
[2018.05.28-10.46.11:118][  0]SourceControl: Source control is disabled
[2018.05.28-10.46.11:118][  0]Cmd: MAP LOAD FILE="../../../../../../Users/gamer/Documents/Unreal Projects/Jumpingtruck_github/Jumpingtruck/Content/FirstPersonBP/Maps/FirstPersonExampleMap.umap" TEMPLATE=0 SHOWPROGRESS=1 FEATURELEVEL=3
[2018.05.28-10.46.11:143][  0]LightingResults: New page: Lighting Build
[2018.05.28-10.46.11:190][  0]MapCheck: New page: Map Check
[2018.05.28-10.46.11:190][  0]LightingResults: New page: Lighting Build
[2018.05.28-10.46.12:113][  0]LogAIModule: Creating AISystem for world FirstPersonExampleMap
[2018.05.28-10.46.12:122][  0]LogEditorServer: Finished looking for orphan Actors (0.000 secs)
[2018.05.28-10.46.12:131][  0]Cmd: MAP CHECKDEP NOCLEARLOG
[2018.05.28-10.46.12:181][  0]MapCheck: Map check complete: 0 Error(s), 0 Warning(s), took 50.053ms to complete.
[2018.05.28-10.46.12:182][  0]LogFileHelpers: Loading map 'FirstPersonExampleMap' took 1.064
[2018.05.28-10.46.12:380][  0]LogCollectionManager: Loaded 0 collections in 0.001890 seconds
[2018.05.28-10.46.12:465][  0]LogFileCache: Scanning file cache for directory 'C:/Users/gamer/Documents/Unreal Projects/Jumpingtruck_github/Jumpingtruck/Saved/Collections/' took 0.01s
[2018.05.28-10.46.12:465][  0]LogFileCache: Scanning file cache for directory 'C:/Users/gamer/Documents/Unreal Projects/Jumpingtruck_github/Jumpingtruck/Content/Developers/gamer/Collections/' took 0.01s
[2018.05.28-10.46.12:465][  0]LogFileCache: Scanning file cache for directory 'C:/Users/gamer/Documents/Unreal Projects/Jumpingtruck_github/Jumpingtruck/Content/Collections/' took 0.01s
[2018.05.28-10.46.12:465][  0]LogCollectionManager: Rebuilt the GUID cache for 0 collections in 0.000001 seconds
[2018.05.28-10.46.12:472][  0]LogContentBrowser: Native class hierarchy populated in 0.0069 seconds. Added 2356 classes and 510 folders.
[2018.05.28-10.46.12:547][  0]LogContentBrowser: Native class hierarchy updated for 'WidgetCarousel' in 0.0002 seconds. Added 0 classes and 0 folders.
[2018.05.28-10.46.13:259][  0]LogContentBrowser: Native class hierarchy updated for 'AddContentDialog' in 0.0003 seconds. Added 0 classes and 0 folders.
[2018.05.28-10.46.13:308][  0]LogContentBrowser: Native class hierarchy updated for 'SceneOutliner' in 0.0002 seconds. Added 1 classes and 2 folders.
[2018.05.28-10.46.13:357][  0]LogSlate: Took 0.000185 seconds to synchronously load lazily loaded font '../../../Engine/Content/Slate/Fonts/Roboto-Regular.ttf' (155K)
[2018.05.28-10.46.13:359][  0]LogSlate: Took 0.000213 seconds to synchronously load lazily loaded font '../../../Engine/Content/Slate/Fonts/Roboto-Bold.ttf' (160K)
[2018.05.28-10.46.13:384][  0]LogSlate: Took 0.019958 seconds to synchronously load lazily loaded font '../../../Engine/Content/Editor/Slate/Fonts/FontAwesome.ttf' (139K)
[2018.05.28-10.46.13:542][  0]LogRenderer: Reallocating scene render targets to support 1200x576 Format 10 NumSamples 1 (Frame:1).
[2018.05.28-10.46.13:727][  0]LogContentBrowser: Native class hierarchy updated for 'HierarchicalLODOutliner' in 0.0002 seconds. Added 1 classes and 2 folders.
[2018.05.28-10.46.13:727][  0]LogLoad: (Engine Initialization) Total time: 60.15 seconds
[2018.05.28-10.46.13:727][  0]LogLoad: (Engine Initialization) Total Blueprint compile time: 0.00 seconds
[2018.05.28-10.46.13:727][  0]LogExternalProfiler: Found external profiler: VSPerf
[2018.05.28-10.46.13:727][  0]LogExternalProfiler: Using external profiler: VSPerf
[2018.05.28-10.46.14:081][  0]LogAssetRegistry: Asset discovery search completed in 38.1199 seconds
[2018.05.28-10.46.14:082][  0]LogCollectionManager: Rebuilt the object cache for 0 collections in 0.000000 seconds (found 0 objects)
[2018.05.28-10.46.14:082][  0]LogCollectionManager: Fixed up redirectors for 0 collections in 0.000040 seconds (updated 0 objects)
[2018.05.28-10.46.14:084][  0]LogContentStreaming: Texture pool size now 3000 MB
[2018.05.28-10.46.14:187][  0]LogSlate: Took 0.014547 seconds to synchronously load lazily loaded font '../../../Engine/Content/Slate/Fonts/Roboto-Light.ttf' (159K)
[2018.05.28-10.48.56:403][487]LogAudio: Warning: Current Audio Device with ID {0.0.0.00000000}.{8915e2b2-5af6-456c-979b-b290e1661e59} was removed. Shutting down audio device.
[2018.05.28-10.48.56:404][487]LogInit: No audio devices found!
[2018.05.28-10.49.00:776][500]LogInit: XAudio2 using 'ASUS MG28U (NVIDIA High Definition Audio)' : 2 channels at 48 kHz using 16 bits per sample (channel mask 0x3)
[2018.05.28-10.50.39:718][582]Cmd: MAP LOAD FILE="../../../../../../Users/gamer/Documents/Unreal Projects/Jumpingtruck_github/Jumpingtruck/Content/map/stages/1/1-5.umap" TEMPLATE=0 SHOWPROGRESS=1 FEATURELEVEL=3
[2018.05.28-10.50.39:742][582]LogSlate: Took 0.000147 seconds to synchronously load lazily loaded font '../../../Engine/Content/Slate/Fonts/Roboto-Light.ttf' (159K)
[2018.05.28-10.50.39:751][582]LightingResults: New page: Lighting Build
[2018.05.28-10.50.39:753][582]LoadErrors: New page: Loading map: 1-5.umap
[2018.05.28-10.50.39:755][582]MapCheck: New page: Map Check
[2018.05.28-10.50.39:755][582]LightingResults: New page: Lighting Build
[2018.05.28-10.50.39:768][582]LogAIModule: Creating AISystem for world 1-5
[2018.05.28-10.50.39:774][582]LogEditorServer: Finished looking for orphan Actors (0.000 secs)
[2018.05.28-10.50.39:812][582]Cmd: MAP CHECKDEP NOCLEARLOG
[2018.05.28-10.50.39:865][582]MapCheck: Map check complete: 0 Error(s), 0 Warning(s), took 52.759ms to complete.
[2018.05.28-10.50.39:865][582]LogFileHelpers: Loading map '1-5' took 0.148
[2018.05.28-10.50.43:791][  8]LogSavePackage: Save=77.23ms
[2018.05.28-10.50.43:791][  8]LogSavePackage: Moving '../../../../../../Users/gamer/Documents/Unreal Projects/Jumpingtruck_github/Jumpingtruck/Saved/1-5D6F8BF414AEA2AC5BBF671B44276B946.tmp' to '../../../../../../Users/gamer/Documents/Unreal Projects/Jumpingtruck_github/Jumpingtruck/Content/map/stages/1/1-5.umap'
[2018.05.28-10.50.43:792][  8]LogSavePackage: Display: Finished SavePackage ../../../../../../Users/gamer/Documents/Unreal Projects/Jumpingtruck_github/Jumpingtruck/Content/map/stages/1/1-5.umap
[2018.05.28-10.51.10:808][128]LogSlate: Warning: Prevented a slow task dialog from being summoned while a context menu was open
[2018.05.28-10.51.10:810][128]LogLinker: Warning: Can't find file '/Game/map/stages/1/Level_1_BuiltData'
[2018.05.28-10.51.10:810][128]LogLinker: Warning: Can't find file for asset '/Game/map/stages/1/Level_1_BuiltData' while loading ../../../../../../Users/gamer/Documents/Unreal Projects/Jumpingtruck_github/Jumpingtruck/Content/Maps/stages/1/Level_1.umap.
[2018.05.28-10.51.10:820][128]LoadErrors: Error: /Game/Maps/stages/1/Level_1 : Can't find file for asset. /Game/map/stages/1/Level_1_BuiltData
[2018.05.28-10.51.10:840][128]LogLinker: Warning: Can't find file '/Game/map/stages/1/Level_1_BuiltData'
[2018.05.28-10.51.10:840][128]LogLinker: Warning: Can't find file for asset '/Game/map/stages/1/Level_1_BuiltData' while loading ../../../../../../Users/gamer/Documents/Unreal Projects/Jumpingtruck_github/Jumpingtruck/Content/Maps/stages/1/Level_1.umap.
[2018.05.28-10.51.10:842][128]LogLinker: Warning: Can't find file '/Game/map/stages/1/Level_1_BuiltData'
[2018.05.28-10.51.10:842][128]LoadErrors: Failed to load /Game/map/stages/1/Level_1_BuiltData.Level_1_BuiltData Referenced by PersistentLevel
[2018.05.28-10.51.10:843][128]LogLinker: Warning: Can't find file for asset '/Game/map/stages/1/Level_1_BuiltData' while loading NULL.
[2018.05.28-10.51.10:844][128]LogAIModule: Creating AISystem for world Level_1
[2018.05.28-10.51.19:542][931]LogAIModule: Creating AISystem for world 1-1
[2018.05.28-10.51.19:546][931]LogAIModule: Creating AISystem for world 1-10
[2018.05.28-10.51.19:548][931]LogAIModule: Creating AISystem for world 1-2
[2018.05.28-10.51.19:551][931]LogAIModule: Creating AISystem for world 1-3
[2018.05.28-10.51.19:555][931]LogAIModule: Creating AISystem for world 1-4
[2018.05.28-10.51.19:557][931]LogAIModule: Creating AISystem for world 1-6
[2018.05.28-10.51.19:560][931]LogAIModule: Creating AISystem for world 1-7
[2018.05.28-10.51.19:562][931]LogAIModule: Creating AISystem for world 1-8
[2018.05.28-10.51.19:564][931]LogAIModule: Creating AISystem for world 1-9
[2018.05.28-10.51.19:571][931]LogAIModule: Creating AISystem for world 1-Boss
[2018.05.28-10.51.19:575][931]LogAIModule: Creating AISystem for world 2-1
[2018.05.28-10.51.20:189][931]LogMetaData: Removing '/Game/Maps/stages/1/1-1.1-1_C' ref from Metadata '/Game/map/stages/1/1-1.PackageMetaData'
[2018.05.28-10.51.20:189][931]LogMetaData: Removing '/Game/Maps/stages/1/1-1.1-1:PersistentLevel.1-1.EventGraph.K2Node_Event_0' ref from Metadata '/Game/map/stages/1/1-1.PackageMetaData'
[2018.05.28-10.51.20:189][931]LogMetaData: Removing '/Game/Maps/stages/1/1-1.1-1:PersistentLevel.1-1.EventGraph.K2Node_Event_1' ref from Metadata '/Game/map/stages/1/1-1.PackageMetaData'
[2018.05.28-10.51.20:189][931]LogMetaData: Removing '/Game/Maps/stages/1/1-1.SKEL_1-1_C' ref from Metadata '/Game/map/stages/1/1-1.PackageMetaData'
[2018.05.28-10.51.20:334][931]LogSavePackage: Save=8.19ms
[2018.05.28-10.51.20:335][931]LogSavePackage: Moving '../../../../../../Users/gamer/Documents/Unreal Projects/Jumpingtruck_github/Jumpingtruck/Saved/1-5911DA44348C5A58A1C1CDA98756D0111.tmp' to '../../../../../../Users/gamer/Documents/Unreal Projects/Jumpingtruck_github/Jumpingtruck/Content/Maps/stages/1/1-5.umap'
[2018.05.28-10.51.20:338][931]LogSavePackage: Display: Finished SavePackage ../../../../../../Users/gamer/Documents/Unreal Projects/Jumpingtruck_github/Jumpingtruck/Content/Maps/stages/1/1-5.umap
[2018.05.28-10.51.20:362][931]LogFileHelpers: Saving map '1-5' took 0.097
[2018.05.28-10.51.20:552][931]LogSavePackage: Save=127.15ms
[2018.05.28-10.51.20:552][931]LogSavePackage: Moving '../../../../../../Users/gamer/Documents/Unreal Projects/Jumpingtruck_github/Jumpingtruck/Saved/1-19D1C3DA84BAF857289B6A78ECECD071A.tmp' to '../../../../../../Users/gamer/Documents/Unreal Projects/Jumpingtruck_github/Jumpingtruck/Content/Maps/stages/1/1-1.umap'
[2018.05.28-10.51.20:555][931]LogSavePackage: Display: Finished SavePackage ../../../../../../Users/gamer/Documents/Unreal Projects/Jumpingtruck_github/Jumpingtruck/Content/Maps/stages/1/1-1.umap
[2018.05.28-10.51.20:557][931]LogFileHelpers: Saving map '1-1' took 0.193
[2018.05.28-10.51.20:629][931]LogSavePackage: Save=10.92ms
[2018.05.28-10.51.20:629][931]LogSavePackage: Moving '../../../../../../Users/gamer/Documents/Unreal Projects/Jumpingtruck_github/Jumpingtruck/Saved/1-10DF1804DA4E25E1422A5079A734BC3785.tmp' to '../../../../../../Users/gamer/Documents/Unreal Projects/Jumpingtruck_github/Jumpingtruck/Content/Maps/stages/1/1-10.umap'
[2018.05.28-10.51.20:632][931]LogSavePackage: Display: Finished SavePackage ../../../../../../Users/gamer/Documents/Unreal Projects/Jumpingtruck_github/Jumpingtruck/Content/Maps/stages/1/1-10.umap
[2018.05.28-10.51.20:634][931]LogFileHelpers: Saving map '1-10' took 0.075
[2018.05.28-10.51.20:706][931]LogSavePackage: Save=8.27ms
[2018.05.28-10.51.20:706][931]LogSavePackage: Moving '../../../../../../Users/gamer/Documents/Unreal Projects/Jumpingtruck_github/Jumpingtruck/Saved/1-26FED99A347E45550B380BC98FE90F497.tmp' to '../../../../../../Users/gamer/Documents/Unreal Projects/Jumpingtruck_github/Jumpingtruck/Content/Maps/stages/1/1-2.umap'
[2018.05.28-10.51.20:709][931]LogSavePackage: Display: Finished SavePackage ../../../../../../Users/gamer/Documents/Unreal Projects/Jumpingtruck_github/Jumpingtruck/Content/Maps/stages/1/1-2.umap
[2018.05.28-10.51.20:710][931]LogFileHelpers: Saving map '1-2' took 0.074
[2018.05.28-10.51.20:784][931]LogSavePackage: Save=7.83ms
[2018.05.28-10.51.20:784][931]LogSavePackage: Moving '../../../../../../Users/gamer/Documents/Unreal Projects/Jumpingtruck_github/Jumpingtruck/Saved/1-34E26799A4130CF02252E4FA2480F6447.tmp' to '../../../../../../Users/gamer/Documents/Unreal Projects/Jumpingtruck_github/Jumpingtruck/Content/Maps/stages/1/1-3.umap'
[2018.05.28-10.51.20:787][931]LogSavePackage: Display: Finished SavePackage ../../../../../../Users/gamer/Documents/Unreal Projects/Jumpingtruck_github/Jumpingtruck/Content/Maps/stages/1/1-3.umap
[2018.05.28-10.51.20:790][931]LogFileHelpers: Saving map '1-3' took 0.076
[2018.05.28-10.51.20:861][931]LogSavePackage: Save=7.35ms
[2018.05.28-10.51.20:861][931]LogSavePackage: Moving '../../../../../../Users/gamer/Documents/Unreal Projects/Jumpingtruck_github/Jumpingtruck/Saved/1-42F97C53E4DF9AA21FB2E9AA0A549B3EF.tmp' to '../../../../../../Users/gamer/Documents/Unreal Projects/Jumpingtruck_github/Jumpingtruck/Content/Maps/stages/1/1-4.umap'
[2018.05.28-10.51.20:864][931]LogSavePackage: Display: Finished SavePackage ../../../../../../Users/gamer/Documents/Unreal Projects/Jumpingtruck_github/Jumpingtruck/Content/Maps/stages/1/1-4.umap
[2018.05.28-10.51.20:865][931]LogFileHelpers: Saving map '1-4' took 0.074
[2018.05.28-10.51.20:936][931]LogSavePackage: Save=8.08ms
[2018.05.28-10.51.20:936][931]LogSavePackage: Moving '../../../../../../Users/gamer/Documents/Unreal Projects/Jumpingtruck_github/Jumpingtruck/Saved/1-643A2B244454541EBF2F80E94A1D62E5C.tmp' to '../../../../../../Users/gamer/Documents/Unreal Projects/Jumpingtruck_github/Jumpingtruck/Content/Maps/stages/1/1-6.umap'
[2018.05.28-10.51.20:939][931]LogSavePackage: Display: Finished SavePackage ../../../../../../Users/gamer/Documents/Unreal Projects/Jumpingtruck_github/Jumpingtruck/Content/Maps/stages/1/1-6.umap
[2018.05.28-10.51.20:940][931]LogFileHelpers: Saving map '1-6' took 0.072
[2018.05.28-10.51.21:011][931]LogSavePackage: Save=8.52ms
[2018.05.28-10.51.21:011][931]LogSavePackage: Moving '../../../../../../Users/gamer/Documents/Unreal Projects/Jumpingtruck_github/Jumpingtruck/Saved/1-7514A89DB40DE37EFA5381890A0CE5BCD.tmp' to '../../../../../../Users/gamer/Documents/Unreal Projects/Jumpingtruck_github/Jumpingtruck/Content/Maps/stages/1/1-7.umap'
[2018.05.28-10.51.21:014][931]LogSavePackage: Display: Finished SavePackage ../../../../../../Users/gamer/Documents/Unreal Projects/Jumpingtruck_github/Jumpingtruck/Content/Maps/stages/1/1-7.umap
[2018.05.28-10.51.21:016][931]LogFileHelpers: Saving map '1-7' took 0.075
[2018.05.28-10.51.21:089][931]LogSavePackage: Save=8.92ms
[2018.05.28-10.51.21:089][931]LogSavePackage: Moving '../../../../../../Users/gamer/Documents/Unreal Projects/Jumpingtruck_github/Jumpingtruck/Saved/1-89826536148FE3C98B800EAAD8317894D.tmp' to '../../../../../../Users/gamer/Documents/Unreal Projects/Jumpingtruck_github/Jumpingtruck/Content/Maps/stages/1/1-8.umap'
[2018.05.28-10.51.21:092][931]LogSavePackage: Display: Finished SavePackage ../../../../../../Users/gamer/Documents/Unreal Projects/Jumpingtruck_github/Jumpingtruck/Content/Maps/stages/1/1-8.umap
[2018.05.28-10.51.21:094][931]LogFileHelpers: Saving map '1-8' took 0.076
[2018.05.28-10.51.21:169][931]LogSavePackage: Save=9.66ms
[2018.05.28-10.51.21:169][931]LogSavePackage: Moving '../../../../../../Users/gamer/Documents/Unreal Projects/Jumpingtruck_github/Jumpingtruck/Saved/1-9906C022D4E3B2172627E7C86627131D6.tmp' to '../../../../../../Users/gamer/Documents/Unreal Projects/Jumpingtruck_github/Jumpingtruck/Content/Maps/stages/1/1-9.umap'
[2018.05.28-10.51.21:172][931]LogSavePackage: Display: Finished SavePackage ../../../../../../Users/gamer/Documents/Unreal Projects/Jumpingtruck_github/Jumpingtruck/Content/Maps/stages/1/1-9.umap
[2018.05.28-10.51.21:173][931]LogFileHelpers: Saving map '1-9' took 0.077
[2018.05.28-10.51.21:263][931]LogSavePackage: Save=21.41ms
[2018.05.28-10.51.21:263][931]LogSavePackage: Moving '../../../../../../Users/gamer/Documents/Unreal Projects/Jumpingtruck_github/Jumpingtruck/Saved/1-Boss69605ADF47C5043F8D519EA1DB92CDCF.tmp' to '../../../../../../Users/gamer/Documents/Unreal Projects/Jumpingtruck_github/Jumpingtruck/Content/Maps/stages/1/1-Boss.umap'
[2018.05.28-10.51.21:266][931]LogSavePackage: Display: Finished SavePackage ../../../../../../Users/gamer/Documents/Unreal Projects/Jumpingtruck_github/Jumpingtruck/Content/Maps/stages/1/1-Boss.umap
[2018.05.28-10.51.21:268][931]LogFileHelpers: Saving map '1-Boss' took 0.093
[2018.05.28-10.51.21:340][931]LogSavePackage: Save=9.15ms
[2018.05.28-10.51.21:340][931]LogSavePackage: Moving '../../../../../../Users/gamer/Documents/Unreal Projects/Jumpingtruck_github/Jumpingtruck/Saved/2-174E1F0AE4538299278DD67B4779D1143.tmp' to '../../../../../../Users/gamer/Documents/Unreal Projects/Jumpingtruck_github/Jumpingtruck/Content/Maps/stages/2/2-1.umap'
[2018.05.28-10.51.21:343][931]LogSavePackage: Display: Finished SavePackage ../../../../../../Users/gamer/Documents/Unreal Projects/Jumpingtruck_github/Jumpingtruck/Content/Maps/stages/2/2-1.umap
[2018.05.28-10.51.21:344][931]LogFileHelpers: Saving map '2-1' took 0.075
[2018.05.28-10.51.24:106][199]Cmd: MAP LOAD FILE="../../../../../../Users/gamer/Documents/Unreal Projects/Jumpingtruck_github/Jumpingtruck/Content/Maps/stages/1/1-1.umap" TEMPLATE=0 SHOWPROGRESS=1 FEATURELEVEL=3
[2018.05.28-10.51.24:106][199]LightingResults: New page: Lighting Build
[2018.05.28-10.51.24:107][199]LoadErrors: New page: Loading map: 1-1.umap
[2018.05.28-10.51.24:107][199]MapCheck: New page: Map Check
[2018.05.28-10.51.24:107][199]LightingResults: New page: Lighting Build
[2018.05.28-10.51.24:199][199]LogEditorServer: Finished looking for orphan Actors (0.000 secs)
[2018.05.28-10.51.24:230][199]Cmd: MAP CHECKDEP NOCLEARLOG
[2018.05.28-10.51.24:279][199]MapCheck: Map check complete: 0 Error(s), 0 Warning(s), took 49.954ms to complete.
[2018.05.28-10.51.24:279][199]LogFileHelpers: Loading map '1-1' took 0.174
[2018.05.28-10.51.27:360][559]LogTemp: Repeating last play command: Selected Viewport
[2018.05.28-10.51.27:469][559]LogBlueprintUserMessages: Early PlayInEditor Detection: Level '/Game/Maps/stages/1/1-1.1-1:PersistentLevel' has LevelScriptBlueprint '/Game/Maps/stages/1/1-1.1-1:PersistentLevel.1-1' with GeneratedClass '/Game/Maps/stages/1/1-1.1-1_C' with ClassGeneratedBy '/Game/Maps/stages/1/1-1.1-1:PersistentLevel.1-1'
[2018.05.28-10.51.27:505][559]LogPlayLevel: PlayLevel: No blueprints needed recompiling
[2018.05.28-10.51.27:570][559]PIE: New page: PIE session: 1-1 (May 27, 2018, 8:51:27 PM)
[2018.05.28-10.51.27:587][559]LogPlayLevel: Creating play world package: /Game/Maps/stages/1/UEDPIE_0_1-1
[2018.05.28-10.51.27:644][559]LogPlayLevel: PIE: StaticDuplicateObject took: (0.056969s)
[2018.05.28-10.51.27:644][559]LogAIModule: Creating AISystem for world 1-1
[2018.05.28-10.51.27:657][559]LogPlayLevel: PIE: World Init took: (0.012921s)
[2018.05.28-10.51.27:673][559]LogPlayLevel: PIE: Created PIE world by copying editor world from /Game/Maps/stages/1/1-1.1-1 to /Game/Maps/stages/1/UEDPIE_0_1-1.1-1 (0.085977s)
[2018.05.28-10.51.27:730][559]LogInit: XAudio2 using 'ASUS MG28U (NVIDIA High Definition Audio)' : 2 channels at 48 kHz using 16 bits per sample (channel mask 0x3)
[2018.05.28-10.51.27:740][559]LogInit: FAudioDevice initialized.
[2018.05.28-10.51.27:817][559]LogLoad: Game class is 'FirstPersonGameMode_C'
[2018.05.28-10.51.27:959][559]LogWorld: Bringing World /Game/Maps/stages/1/UEDPIE_0_1-1.1-1 up for play (max tick rate 0) at 2018.05.28-03.51.27
[2018.05.28-10.51.28:013][559]LogWorld: Bringing up level for play took: 0.053820
[2018.05.28-10.51.28:212][559]LogContentBrowser: Native class hierarchy updated for 'MovieSceneCapture' in 0.0002 seconds. Added 11 classes and 0 folders.
[2018.05.28-10.51.28:287][559]PIE: Play in editor start time for /Game/Maps/stages/1/UEDPIE_0_1-1 0.15
[2018.05.28-10.51.28:287][559]LogBlueprintUserMessages: Late PlayInEditor Detection: Level '/Game/Maps/stages/1/1-1.1-1:PersistentLevel' has LevelScriptBlueprint '/Game/Maps/stages/1/1-1.1-1:PersistentLevel.1-1' with GeneratedClass '/Game/Maps/stages/1/1-1.1-1_C' with ClassGeneratedBy '/Game/Maps/stages/1/1-1.1-1:PersistentLevel.1-1'
[2018.05.28-10.51.28:587][559]LogAnsel: We reckon 0.010000 meters to 1 world unit
[2018.05.28-10.51.30:888][704]LogBlueprintUserMessages: Early EndPlayMap Detection: Level '/Game/Maps/stages/1/1-1.1-1:PersistentLevel' has LevelScriptBlueprint '/Game/Maps/stages/1/1-1.1-1:PersistentLevel.1-1' with GeneratedClass '/Game/Maps/stages/1/1-1.1-1_C' with ClassGeneratedBy '/Game/Maps/stages/1/1-1.1-1:PersistentLevel.1-1'
[2018.05.28-10.51.30:944][704]LogBlueprintUserMessages: Late EndPlayMap Detection: Level '/Game/Maps/stages/1/1-1.1-1:PersistentLevel' has LevelScriptBlueprint '/Game/Maps/stages/1/1-1.1-1:PersistentLevel.1-1' with GeneratedClass '/Game/Maps/stages/1/1-1.1-1_C' with ClassGeneratedBy '/Game/Maps/stages/1/1-1.1-1:PersistentLevel.1-1'
[2018.05.28-10.51.33:758][ 14]LogSlate: Took 0.020389 seconds to synchronously load lazily loaded font '../../../Engine/Content/Editor/Slate/Fonts/Roboto-BoldCondensed.ttf' (158K)
[2018.05.28-10.53.07:669][117]Running C:/Program Files/Epic Games/UE_4.18/Engine/Binaries/DotNET/UnrealBuildTool.exe  -projectfiles -project="C:/Users/gamer/Documents/Unreal Projects/Jumpingtruck_github/Jumpingtruck/Jumpingtruck.uproject" -game -rocket -progress
[2018.05.28-10.53.08:074][117]Discovering modules, targets and source code for project...
[2018.05.28-10.53.52:721][117]LogSlate: Took 0.000226 seconds to synchronously load lazily loaded font '../../../Engine/Content/Slate/Fonts/Roboto-Regular.ttf' (155K)
[2018.05.28-10.53.56:686][117]LogHotReload: Recompiling module Jumpingtruck...
[2018.05.28-10.53.56:686][117]LogVSAccessor: Warning: Couldn't access Visual Studio
[2018.05.28-10.53.56:831][117]Candidate modules for hot reload:
[2018.05.28-10.53.56:831][117]  Jumpingtruck
[2018.05.28-10.53.56:831][117]Launching UnrealBuildTool... [C:/Program Files/Epic Games/UE_4.18/Engine/Binaries/DotNET/UnrealBuildTool.exe Jumpingtruck -Module Jumpingtruck Win64 Development -editorrecompile -canskiplink "C:/Users/gamer/Documents/Unreal Projects/Jumpingtruck_github/Jumpingtruck/Jumpingtruck.uproject" ]
[2018.05.28-10.56.48:329][117]Performing full C++ include scan (hot reloading a new target)
Using 'git status' to determine working set for adaptive non-unity build.
Creating makefile for hot reloading Jumpingtruck (no existing makefile)
Compiling game modules for hot reload
Parsing headers for JumpingtruckEditor
  Running UnrealHeaderTool "C:\Users\gamer\Documents\Unreal Projects\Jumpingtruck_github\Jumpingtruck\Jumpingtruck.uproject" "C:\Users\gamer\Documents\Unreal Projects\Jumpingtruck_github\Jumpingtruck\Intermediate\Build\Win64\JumpingtruckEditor\Development\JumpingtruckEditor.uhtmanifest" -LogCmds="loginit warning, logexit warning, logdatabase error" -Unattended -WarningsAsErrors -installed
Reflection code generated for JumpingtruckEditor in 9.5821766 seconds
Performing 9 actions (4 in parallel)
[3/9] Resource PCLaunch.rc
[2/9] Resource ModuleVersionResource.rc.inl
cl : Command line warning D9002 : ignoring unknown option '/source-charset:utf-8'
cl : Command line warning D9002 : ignoring unknown option '/execution-charset:utf-8'
SharedPCH.Engine.cpp
c:\program files\epic games\ue_4.18\engine\source\runtime\core\public\Windows/WindowsPlatformCompilerSetup.h(19): error C2338: Visual Studio 2015 Update 3 is required to compile on Windows (http://go.microsoft.com/fwlink/?LinkId=691129)
ERROR: UBT ERROR: Failed to produce item: C:\Users\gamer\Documents\Unreal Projects\Jumpingtruck_github\Jumpingtruck\Binaries\Win64\UE4Editor-Jumpingtruck.dll
Total build time: 171.16 seconds (Local executor: 0.00 seconds)

[2018.05.28-10.56.48:329][117]CompilerResultsLog: New page: Compilation - May 27, 2018, 8:56:48 PM
[2018.05.28-10.56.48:345][117]CompilerResultsLog: Performing full C++ include scan (hot reloading a new target)
[2018.05.28-10.56.48:345][117]CompilerResultsLog: Using 'git status' to determine working set for adaptive non-unity build.
[2018.05.28-10.56.48:345][117]CompilerResultsLog: Creating makefile for hot reloading Jumpingtruck (no existing makefile)
[2018.05.28-10.56.48:345][117]CompilerResultsLog: Compiling game modules for hot reload
[2018.05.28-10.56.48:345][117]CompilerResultsLog: Parsing headers for JumpingtruckEditor
[2018.05.28-10.56.48:345][117]CompilerResultsLog:   Running UnrealHeaderTool "C:\Users\gamer\Documents\Unreal Projects\Jumpingtruck_github\Jumpingtruck\Jumpingtruck.uproject" "C:\Users\gamer\Documents\Unreal Projects\Jumpingtruck_github\Jumpingtruck\Intermediate\Build\Win64\JumpingtruckEditor\Development\JumpingtruckEditor.uhtmanifest" -LogCmds="loginit warning, logexit warning, logdatabase error" -Unattended -WarningsAsErrors -installed
[2018.05.28-10.56.48:345][117]CompilerResultsLog: Reflection code generated for JumpingtruckEditor in 9.5821766 seconds
[2018.05.28-10.56.48:345][117]CompilerResultsLog: Performing 9 actions (4 in parallel)
[2018.05.28-10.56.48:345][117]CompilerResultsLog: [3/9] Resource PCLaunch.rc
[2018.05.28-10.56.48:345][117]CompilerResultsLog: [2/9] Resource ModuleVersionResource.rc.inl
[2018.05.28-10.56.48:345][117]CompilerResultsLog: cl : Command line warning D9002 : ignoring unknown option '/source-charset:utf-8'
[2018.05.28-10.56.48:345][117]CompilerResultsLog: cl : Command line warning D9002 : ignoring unknown option '/execution-charset:utf-8'
[2018.05.28-10.56.48:345][117]CompilerResultsLog: SharedPCH.Engine.cpp
[2018.05.28-10.56.48:345][117]CompilerResultsLog: Error: c:\program files\epic games\ue_4.18\engine\source\runtime\core\public\Windows/WindowsPlatformCompilerSetup.h(19) : error C2338: Visual Studio 2015 Update 3 is required to compile on Windows (http://go.microsoft.com/fwlink/?LinkId=691129)
[2018.05.28-10.56.48:345][117]CompilerResultsLog: ERROR: UBT ERROR: Failed to produce item: C:\Users\gamer\Documents\Unreal Projects\Jumpingtruck_github\Jumpingtruck\Binaries\Win64\UE4Editor-Jumpingtruck.dll
[2018.05.28-10.56.48:345][117]CompilerResultsLog: Total build time: 171.16 seconds (Local executor: 0.00 seconds)
[2018.05.28-10.56.48:345][117]LogMainFrame: MainFrame: Module compiling took 171.659 seconds
[2018.05.28-10.59.32:689][117]LogSlate: Took 0.017790 seconds to synchronously load lazily loaded font '../../../Engine/Content/Editor/Slate/Fonts/DroidSansMono.ttf' (77K)
[2018.05.28-10.59.51:926][387]LogVSAccessor: Warning: Cannot add source file 'C:/Users/gamer/Documents/Unreal Projects/Jumpingtruck_github/Jumpingtruck/Source/Jumpingtruck/Guy.h' as it doesn't belong to a known module
[2018.05.28-10.59.51:926][387]LogVSAccessor: Warning: Cannot add source file 'C:/Users/gamer/Documents/Unreal Projects/Jumpingtruck_github/Jumpingtruck/Source/Jumpingtruck/Guy.cpp' as it doesn't belong to a known module
[2018.05.28-10.59.51:949][387]Running C:/Program Files/Epic Games/UE_4.18/Engine/Binaries/DotNET/UnrealBuildTool.exe  -projectfiles -project="C:/Users/gamer/Documents/Unreal Projects/Jumpingtruck_github/Jumpingtruck/Jumpingtruck.uproject" -game -rocket -progress
[2018.05.28-10.59.52:355][387]Discovering modules, targets and source code for project...
[2018.05.28-10.59.56:898][387]LogHotReload: Recompiling module Jumpingtruck...
[2018.05.28-10.59.56:898][387]LogVSAccessor: Warning: Couldn't access Visual Studio
[2018.05.28-10.59.56:902][387]Candidate modules for hot reload:
[2018.05.28-10.59.56:902][387]  Jumpingtruck
[2018.05.28-10.59.56:903][387]Launching UnrealBuildTool... [C:/Program Files/Epic Games/UE_4.18/Engine/Binaries/DotNET/UnrealBuildTool.exe UE4Editor -Module Jumpingtruck Win64 Development -editorrecompile -FailIfGeneratedCodeChanges -canskiplink "C:/Users/gamer/Documents/Unreal Projects/Jumpingtruck_github/Jumpingtruck/Jumpingtruck.uproject" ]
[2018.05.28-10.59.58:102][387]Performing full C++ include scan (hot reloading a new target)
Using 'git status' to determine working set for adaptive non-unity build.
Creating makefile for hot reloading UE4Editor (no existing makefile)
Compiling game modules for hot reload
ERROR: One or more of the modules specified using the '-module' argument could not be found.

[2018.05.28-10.59.58:102][387]CompilerResultsLog: New page: Compilation - May 27, 2018, 8:59:58 PM
[2018.05.28-10.59.58:102][387]CompilerResultsLog: Performing full C++ include scan (hot reloading a new target)
[2018.05.28-10.59.58:102][387]CompilerResultsLog: Using 'git status' to determine working set for adaptive non-unity build.
[2018.05.28-10.59.58:102][387]CompilerResultsLog: Creating makefile for hot reloading UE4Editor (no existing makefile)
[2018.05.28-10.59.58:102][387]CompilerResultsLog: Compiling game modules for hot reload
[2018.05.28-10.59.58:102][387]CompilerResultsLog: ERROR: One or more of the modules specified using the '-module' argument could not be found.
[2018.05.28-10.59.58:102][387]LogMainFrame: MainFrame: Module compiling took 1.204 seconds
[2018.05.28-11.00.13:378][842]Running C:/Program Files/Epic Games/UE_4.18/Engine/Binaries/DotNET/UnrealBuildTool.exe  -projectfiles -project="C:/Users/gamer/Documents/Unreal Projects/Jumpingtruck_github/Jumpingtruck/Jumpingtruck.uproject" -game -rocket -progress
[2018.05.28-11.00.13:583][842]Discovering modules, targets and source code for project...
[2018.05.28-11.02.31:486][479]LogSlate: Took 0.000241 seconds to synchronously load lazily loaded font '../../../Engine/Content/Slate/Fonts/Roboto-Light.ttf' (159K)
[2018.05.28-11.02.45:677][688]LogContentBrowser: Native class hierarchy updated for 'BlueprintGraph' in 0.0007 seconds. Added 116 classes and 0 folders.
[2018.05.28-11.02.51:871][771]LogSlate: Took 0.022497 seconds to synchronously load lazily loaded font '../../../Engine/Content/Editor/Slate/Fonts/Roboto-Italic.ttf' (157K)
[2018.05.28-11.07.47:618][115]LogPackageName: Error: DoesPackageExist: DoesPackageExist FAILED: '/Platforms/Linux/GettingStarted' is not a standard unreal filename or a long path name. Reason: Path does not start with a valid root. Path must begin with: '/Engine/', '/Game/', '/Paper2D/', '/MediaCompositing/', '/AppleARKit/', '/Config/', '/Script/', '/Memory/', or '/Temp/'
[2018.05.28-11.07.47:618][115]LogLinker: Warning: Can't find file '/Platforms/Linux/GettingStarted'
[2018.05.28-11.07.47:618][115]LogPackageName: Error: DoesPackageExist: DoesPackageExist FAILED: '/Platforms/Linux/GettingStarted' is not a standard unreal filename or a long path name. Reason: Path does not start with a valid root. Path must begin with: '/Engine/', '/Game/', '/Paper2D/', '/MediaCompositing/', '/AppleARKit/', '/Config/', '/Script/', '/Memory/', or '/Temp/'
[2018.05.28-11.07.47:618][115]LogLinker: Warning: Can't find file '/Platforms/Linux/GettingStarted'
[2018.05.28-11.07.47:704][115]LogUObjectGlobals: Warning: Failed to find object 'Blueprint None./Platforms/Linux/GettingStarted'
[2018.05.28-11.07.47:804][115]LogWindows: LaunchURL http://docs.unrealengine.com/latest/INT/Platforms/Linux/GettingStarted/index.html
[2018.05.28-11.14.39:065][881]LogSavePackage: Save=29.51ms
[2018.05.28-11.14.39:065][881]LogSavePackage: Moving '../../../../../../Users/gamer/Documents/Unreal Projects/Jumpingtruck_github/Jumpingtruck/Saved/MenuEC7528E74A3B3C87D46FAE98210AA8C4.tmp' to '../../../../../../Users/gamer/Documents/Unreal Projects/Jumpingtruck_github/Jumpingtruck/Content/Maps/Menu.umap'
[2018.05.28-11.14.39:072][881]LogSavePackage: Display: Finished SavePackage ../../../../../../Users/gamer/Documents/Unreal Projects/Jumpingtruck_github/Jumpingtruck/Content/Maps/Menu.umap
[2018.05.28-11.14.39:072][881]LogFileHelpers: Saving map 'Menu' took 2.472
[2018.05.28-11.14.39:090][881]Cmd: MAP LOAD FILE="../../../../../../Users/gamer/Documents/Unreal Projects/Jumpingtruck_github/Jumpingtruck/Content/Maps/Menu.umap" TEMPLATE=0 SHOWPROGRESS=1 FEATURELEVEL=3
[2018.05.28-11.14.39:090][881]LightingResults: New page: Lighting Build
[2018.05.28-11.14.39:125][881]LoadErrors: New page: Loading map: Menu.umap
[2018.05.28-11.14.39:158][881]MapCheck: New page: Map Check
[2018.05.28-11.14.39:158][881]LightingResults: New page: Lighting Build
[2018.05.28-11.14.39:280][881]LogEditorServer: Finished looking for orphan Actors (0.000 secs)
[2018.05.28-11.14.39:295][881]LogAIModule: Creating AISystem for world Menu
[2018.05.28-11.14.39:336][881]Cmd: MAP CHECKDEP NOCLEARLOG
[2018.05.28-11.14.39:394][881]MapCheck: Map check complete: 0 Error(s), 0 Warning(s), took 57.866ms to complete.
[2018.05.28-11.14.39:395][881]LogFileHelpers: Loading map 'Menu' took 0.316
[2018.05.28-11.24.34:648][317]LogFileHelpers: Editor autosave (incl. sublevels) for '/Game/Maps/Menu' took 0.026
[2018.05.28-11.34.35:357][119]LogFileHelpers: Editor autosave (incl. sublevels) for '/Game/Maps/Menu' took 0.025
[2018.05.28-11.38.34:055][835]LogAudio: Warning: Current Audio Device with ID {0.0.0.00000000}.{8915e2b2-5af6-456c-979b-b290e1661e59} was removed. Shutting down audio device.
[2018.05.28-11.38.34:055][835]LogInit: No audio devices found!
[2018.05.28-11.38.38:425][848]LogInit: XAudio2 using 'ASUS MG28U (NVIDIA High Definition Audio)' : 2 channels at 48 kHz using 16 bits per sample (channel mask 0x3)
[2018.05.28-11.44.36:052][917]LogFileHelpers: Editor autosave (incl. sublevels) for '/Game/Maps/Menu' took 0.026
[2018.05.28-11.54.36:712][719]LogFileHelpers: Editor autosave (incl. sublevels) for '/Game/Maps/Menu' took 0.019
[2018.05.28-12.04.37:379][521]LogFileHelpers: Editor autosave (incl. sublevels) for '/Game/Maps/Menu' took 0.017
[2018.05.28-12.08.34:347][232]LogAudio: Warning: Current Audio Device with ID {0.0.0.00000000}.{8915e2b2-5af6-456c-979b-b290e1661e59} was removed. Shutting down audio device.
[2018.05.28-12.08.34:347][232]LogInit: No audio devices found!
[2018.05.28-12.08.38:375][244]LogInit: XAudio2 using 'ASUS MG28U (NVIDIA High Definition Audio)' : 2 channels at 48 kHz using 16 bits per sample (channel mask 0x3)
[2018.05.28-12.14.39:308][326]LogFileHelpers: Editor autosave (incl. sublevels) for '/Game/Maps/Menu' took 0.059
[2018.05.28-12.24.41:049][131]LogFileHelpers: Editor autosave (incl. sublevels) for '/Game/Maps/Menu' took 0.051
[2018.05.28-12.30.42:395][215]LogAudio: Warning: Current Audio Device with ID {0.0.0.00000000}.{8915e2b2-5af6-456c-979b-b290e1661e59} was removed. Shutting down audio device.
[2018.05.28-12.30.42:395][215]LogInit: No audio devices found!
[2018.05.28-12.30.46:449][227]LogInit: XAudio2 using 'ASUS MG28U (NVIDIA High Definition Audio)' : 2 channels at 48 kHz using 16 bits per sample (channel mask 0x3)
[2018.05.28-12.34.41:808][932]LogFileHelpers: Editor autosave (incl. sublevels) for '/Game/Maps/Menu' took 0.082
[2018.05.28-12.36.14:703][211]LogAudio: Warning: Current Audio Device with ID {0.0.0.00000000}.{8915e2b2-5af6-456c-979b-b290e1661e59} was removed. Shutting down audio device.
[2018.05.28-12.36.14:704][211]LogInit: No audio devices found!
[2018.05.28-12.36.18:787][223]LogInit: XAudio2 using 'ASUS MG28U (NVIDIA High Definition Audio)' : 2 channels at 48 kHz using 16 bits per sample (channel mask 0x3)
[2018.05.28-12.40.17:792][940]LogAudio: Warning: Current Audio Device with ID {0.0.0.00000000}.{8915e2b2-5af6-456c-979b-b290e1661e59} was removed. Shutting down audio device.
[2018.05.28-12.40.17:792][940]LogInit: No audio devices found!
[2018.05.28-12.40.22:188][953]LogInit: XAudio2 using 'ASUS MG28U (NVIDIA High Definition Audio)' : 2 channels at 48 kHz using 16 bits per sample (channel mask 0x3)
[2018.05.28-12.44.42:703][734]LogFileHelpers: Editor autosave (incl. sublevels) for '/Game/Maps/Menu' took 0.022
[2018.05.28-12.54.43:407][536]LogFileHelpers: Editor autosave (incl. sublevels) for '/Game/Maps/Menu' took 0.050
[2018.05.28-13.04.44:172][336]LogFileHelpers: Editor autosave (incl. sublevels) for '/Game/Maps/Menu' took 0.018
[2018.05.28-13.14.46:328][138]LogFileHelpers: Editor autosave (incl. sublevels) for '/Game/Maps/Menu' took 0.017
[2018.05.28-13.24.46:942][940]LogFileHelpers: Editor autosave (incl. sublevels) for '/Game/Maps/Menu' took 0.015
[2018.05.28-13.34.47:636][742]LogFileHelpers: Editor autosave (incl. sublevels) for '/Game/Maps/Menu' took 0.015
[2018.05.28-13.44.48:281][544]LogFileHelpers: Editor autosave (incl. sublevels) for '/Game/Maps/Menu' took 0.016
[2018.05.28-13.54.51:029][346]LogFileHelpers: Editor autosave (incl. sublevels) for '/Game/Maps/Menu' took 0.017
[2018.05.28-14.04.54:078][148]LogFileHelpers: Editor autosave (incl. sublevels) for '/Game/Maps/Menu' took 0.085
[2018.05.28-14.14.56:090][950]LogFileHelpers: Editor autosave (incl. sublevels) for '/Game/Maps/Menu' took 0.016
[2018.05.28-14.24.56:832][752]LogFileHelpers: Editor autosave (incl. sublevels) for '/Game/Maps/Menu' took 0.015
[2018.05.28-14.34.57:506][554]LogFileHelpers: Editor autosave (incl. sublevels) for '/Game/Maps/Menu' took 0.016
[2018.05.28-14.44.58:174][356]LogFileHelpers: Editor autosave (incl. sublevels) for '/Game/Maps/Menu' took 0.015
[2018.05.28-14.54.58:842][158]LogFileHelpers: Editor autosave (incl. sublevels) for '/Game/Maps/Menu' took 0.016
[2018.05.28-15.04.59:516][960]LogFileHelpers: Editor autosave (incl. sublevels) for '/Game/Maps/Menu' took 0.016
[2018.05.28-15.15.00:224][762]LogFileHelpers: Editor autosave (incl. sublevels) for '/Game/Maps/Menu' took 0.014
[2018.05.28-15.25.00:856][564]LogFileHelpers: Editor autosave (incl. sublevels) for '/Game/Maps/Menu' took 0.016
[2018.05.28-15.35.01:543][366]LogFileHelpers: Editor autosave (incl. sublevels) for '/Game/Maps/Menu' took 0.033
[2018.05.28-15.45.02:197][168]LogFileHelpers: Editor autosave (incl. sublevels) for '/Game/Maps/Menu' took 0.018
[2018.05.28-15.55.02:880][970]LogFileHelpers: Editor autosave (incl. sublevels) for '/Game/Maps/Menu' took 0.027
[2018.05.28-16.01.43:198][171]LogAudio: Warning: Current Audio Device with ID {0.0.0.00000000}.{8915e2b2-5af6-456c-979b-b290e1661e59} was removed. Shutting down audio device.
[2018.05.28-16.01.43:198][171]LogInit: No audio devices found!
[2018.05.28-16.01.47:304][183]LogInit: XAudio2 using 'ASUS MG28U (NVIDIA High Definition Audio)' : 2 channels at 48 kHz using 16 bits per sample (channel mask 0x3)
[2018.05.28-16.02.29:942][311]LogAudio: Warning: Current Audio Device with ID {0.0.0.00000000}.{8915e2b2-5af6-456c-979b-b290e1661e59} was removed. Shutting down audio device.
[2018.05.28-16.02.29:943][311]LogInit: No audio devices found!
[2018.05.28-16.02.31:960][317]LogAudio: Warning: Current Audio Device with ID {0.0.0.00000000}.{8915e2b2-5af6-456c-979b-b290e1661e59} was removed. Shutting down audio device.
[2018.05.28-16.02.31:960][317]LogInit: No audio devices found!
[2018.05.28-16.02.32:664][319]LogInit: XAudio2 using 'ASUS MG28U (NVIDIA High Definition Audio)' : 2 channels at 48 kHz using 16 bits per sample (channel mask 0x3)
[2018.05.28-16.05.03:722][772]LogFileHelpers: Editor autosave (incl. sublevels) for '/Game/Maps/Menu' took 0.042
[2018.05.28-16.13.13:898][240]LogAudio: Warning: Current Audio Device with ID {0.0.0.00000000}.{8915e2b2-5af6-456c-979b-b290e1661e59} was removed. Shutting down audio device.
[2018.05.28-16.13.13:924][240]LogInit: No audio devices found!
[2018.05.28-16.13.17:665][252]LogInit: XAudio2 using 'ASUS MG28U (NVIDIA High Definition Audio)' : 2 channels at 48 kHz using 16 bits per sample (channel mask 0x3)
[2018.05.28-16.15.04:638][572]LogFileHelpers: Editor autosave (incl. sublevels) for '/Game/Maps/Menu' took 0.072
[2018.05.28-16.25.05:170][374]LogFileHelpers: Editor autosave (incl. sublevels) for '/Game/Maps/Menu' took 0.027
[2018.05.28-16.35.05:976][176]LogFileHelpers: Editor autosave (incl. sublevels) for '/Game/Maps/Menu' took 0.124
[2018.05.28-16.45.06:830][977]LogFileHelpers: Editor autosave (incl. sublevels) for '/Game/Maps/Menu' took 0.192
[2018.05.28-16.46.19:674][196]LogAudio: Warning: Current Audio Device with ID {0.0.0.00000000}.{8915e2b2-5af6-456c-979b-b290e1661e59} was removed. Shutting down audio device.
[2018.05.28-16.46.19:710][196]LogInit: No audio devices found!
[2018.05.28-16.46.23:971][209]LogInit: XAudio2 using 'ASUS MG28U (NVIDIA High Definition Audio)' : 2 channels at 48 kHz using 16 bits per sample (channel mask 0x3)
[2018.05.28-16.55.07:471][779]LogFileHelpers: Editor autosave (incl. sublevels) for '/Game/Maps/Menu' took 0.018
[2018.05.28-16.58.17:256][348]LogAudio: Warning: Current Audio Device with ID {0.0.0.00000000}.{8915e2b2-5af6-456c-979b-b290e1661e59} was removed. Shutting down audio device.
[2018.05.28-16.58.17:256][348]LogInit: No audio devices found!
[2018.05.28-16.58.21:359][360]LogInit: XAudio2 using 'ASUS MG28U (NVIDIA High Definition Audio)' : 2 channels at 48 kHz using 16 bits per sample (channel mask 0x3)
[2018.05.28-17.05.08:170][580]LogFileHelpers: Editor autosave (incl. sublevels) for '/Game/Maps/Menu' took 0.020
[2018.05.28-17.15.08:520][381]LogFileHelpers: Editor autosave (incl. sublevels) for '/Game/Maps/Menu' took 0.019
[2018.05.28-17.25.09:368][183]LogFileHelpers: Editor autosave (incl. sublevels) for '/Game/Maps/Menu' took 0.038
[2018.05.28-17.35.13:235][994]LogFileHelpers: Editor autosave (incl. sublevels) for '/Game/Maps/Menu' took 0.039
[2018.05.28-17.45.13:929][796]LogFileHelpers: Editor autosave (incl. sublevels) for '/Game/Maps/Menu' took 0.016
[2018.05.28-17.55.14:368][597]LogFileHelpers: Editor autosave (incl. sublevels) for '/Game/Maps/Menu' took 0.016
